<?xml version="1.0" encoding="UTF-8"?>
<!-- Generated by org.testng.reporters.JUnitReportReporter -->
<testsuite hostname="LAPTOP-6D8N40OM" failures="0" tests="1" name="orangehrm.Orange" time="28.679" errors="0" timestamp="2023-10-19T22:43:44 IST" skipped="0">
  <testcase classname="orangehrm.Orange" name="LoadPage" time="28.679"/>
  <system-out/>
</testsuite> <!-- orangehrm.Orange -->
